Determining if the pthread_create exist failed with the following output:
Change Dir: /home/ray/ROS/turtlebot3_ws/src/navigation/dwa_local_planner/cmake-build-debug/CMakeFiles/CMakeTmp

Run Build Command:"/usr/bin/make" "cmTC_55ec9/fast"
/usr/bin/make -f CMakeFiles/cmTC_55ec9.dir/build.make CMakeFiles/cmTC_55ec9.dir/build
make[1]: Entering directory '/home/ray/ROS/turtlebot3_ws/src/navigation/dwa_local_planner/cmake-build-debug/CMakeFiles/CMakeTmp'
Building C object CMakeFiles/cmTC_55ec9.dir/CheckSymbolExists.c.o
/usr/bin/cc    -o CMakeFiles/cmTC_55ec9.dir/CheckSymbolExists.c.o   -c /home/ray/ROS/turtlebot3_ws/src/navigation/dwa_local_planner/cmake-build-debug/CMakeFiles/CMakeTmp/CheckSymbolExists.c
Linking C executable cmTC_55ec9
/home/ray/APP/Clion/clion-2018.3.4/bin/cmake/linux/bin/cmake -E cmake_link_script CMakeFiles/cmTC_55ec9.dir/link.txt --verbose=1
/usr/bin/cc      -rdynamic CMakeFiles/cmTC_55ec9.dir/CheckSymbolExists.c.o  -o cmTC_55ec9 
CMakeFiles/cmTC_55ec9.dir/CheckSymbolExists.c.o: In function `main':
CheckSymbolExists.c:(.text+0x16): undefined reference to `pthread_create'
collect2: error: ld returned 1 exit status
CMakeFiles/cmTC_55ec9.dir/build.make:86: recipe for target 'cmTC_55ec9' failed
make[1]: *** [cmTC_55ec9] Error 1
make[1]: Leaving directory '/home/ray/ROS/turtlebot3_ws/src/navigation/dwa_local_planner/cmake-build-debug/CMakeFiles/CMakeTmp'
Makefile:121: recipe for target 'cmTC_55ec9/fast' failed
make: *** [cmTC_55ec9/fast] Error 2

File /home/ray/ROS/turtlebot3_ws/src/navigation/dwa_local_planner/cmake-build-debug/CMakeFiles/CMakeTmp/CheckSymbolExists.c:
/* */
#include <pthread.h>

int main(int argc, char** argv)
{
  (void)argv;
#ifndef pthread_create
  return ((int*)(&pthread_create))[argc];
#else
  (void)argc;
  return 0;
#endif
}

Determining if the function pthread_create exists in the pthreads failed with the following output:
Change Dir: /home/ray/ROS/turtlebot3_ws/src/navigation/dwa_local_planner/cmake-build-debug/CMakeFiles/CMakeTmp

Run Build Command:"/usr/bin/make" "cmTC_d865f/fast"
/usr/bin/make -f CMakeFiles/cmTC_d865f.dir/build.make CMakeFiles/cmTC_d865f.dir/build
make[1]: Entering directory '/home/ray/ROS/turtlebot3_ws/src/navigation/dwa_local_planner/cmake-build-debug/CMakeFiles/CMakeTmp'
Building C object CMakeFiles/cmTC_d865f.dir/CheckFunctionExists.c.o
/usr/bin/cc   -DCHECK_FUNCTION_EXISTS=pthread_create   -o CMakeFiles/cmTC_d865f.dir/CheckFunctionExists.c.o   -c /home/ray/APP/Clion/clion-2018.3.4/bin/cmake/linux/share/cmake-3.13/Modules/CheckFunctionExists.c
Linking C executable cmTC_d865f
/home/ray/APP/Clion/clion-2018.3.4/bin/cmake/linux/bin/cmake -E cmake_link_script CMakeFiles/cmTC_d865f.dir/link.txt --verbose=1
/usr/bin/cc  -DCHECK_FUNCTION_EXISTS=pthread_create    -rdynamic CMakeFiles/cmTC_d865f.dir/CheckFunctionExists.c.o  -o cmTC_d865f -lpthreads 
/usr/bin/ld: cannot find -lpthreads
collect2: error: ld returned 1 exit status
CMakeFiles/cmTC_d865f.dir/build.make:86: recipe for target 'cmTC_d865f' failed
make[1]: *** [cmTC_d865f] Error 1
make[1]: Leaving directory '/home/ray/ROS/turtlebot3_ws/src/navigation/dwa_local_planner/cmake-build-debug/CMakeFiles/CMakeTmp'
Makefile:121: recipe for target 'cmTC_d865f/fast' failed
make: *** [cmTC_d865f/fast] Error 2


